<?xml version="1.0" encoding="UTF-8"?>
<!-- Generated by org.testng.reporters.JUnitReportReporter -->
<testsuite hostname="Syeds-MBP-2.lan" failures="0" tests="1" name="testcases.CheckBoxesTest" time="5.358" errors="0" timestamp="19 Dec 2021 08:49:29 GMT" skipped="0">
  <testcase classname="testcases.CheckBoxesTest" name="checkBoxesTest" time="5.358"/>
</testsuite> <!-- testcases.CheckBoxesTest -->
